<?xml version="1.0" encoding="UTF-8"?>
<testsuite xmlns:xsi="http://www.w3.org/2001/XMLSchema-instance" xsi:noNamespaceSchemaLocation="https://maven.apache.org/surefire/maven-surefire-plugin/xsd/surefire-test-report-3.0.xsd" version="3.0" name="com.mycompany.poepartone.MessageTest" time="0.34" tests="16" errors="0" skipped="0" failures="0">
  <properties>
[...]
</properties>
  <testcase name="testSearchMessagesByRecipient" classname="com.mycompany.poepartone.MessageTest" time="0.206"/>
  <testcase name="testDiscardMessage" classname="com.mycompany.poepartone.MessageTest" time="0.01"/>
  <testcase name="testMessageHashSuccess" classname="com.mycompany.poepartone.MessageTest" time="0.009"/>
  <testcase name="testRecipientNumberSuccess" classname="com.mycompany.poepartone.MessageTest" time="0.021"/>
  <testcase name="testDisplayLongestMessage" classname="com.mycompany.poepartone.MessageTest" time="0.007"/>
  <testcase name="testSearchByMessageID" classname="com.mycompany.poepartone.MessageTest" time="0.003"/>
  <testcase name="testStoreMessage" classname="com.mycompany.poepartone.MessageTest" time="0.004"/>
  <testcase name="testDeleteMessageUsingHash" classname="com.mycompany.poepartone.MessageTest" time="0.004"/>
  <testcase name="testRecipientNumberFailure" classname="com.mycompany.poepartone.MessageTest" time="0.004"/>
  <testcase name="testSentMessagesArrayCorrectlyPopulated" classname="com.mycompany.poepartone.MessageTest" time="0.003"/>
  <testcase name="testMessageLengthSuccess" classname="com.mycompany.poepartone.MessageTest" time="0.003"/>
  <testcase name="testMessageIDGenerated" classname="com.mycompany.poepartone.MessageTest" time="0.004"/>
  <testcase name="testSendMessageSuccess" classname="com.mycompany.poepartone.MessageTest" time="0.003"/>
  <testcase name="testMessageLengthFailure" classname="com.mycompany.poepartone.MessageTest" time="0.007"/>
  <testcase name="testDisplaySentMessagesReport" classname="com.mycompany.poepartone.MessageTest" time="0.003"/>
  <testcase name="testTotalMessagesSent" classname="com.mycompany.poepartone.MessageTest" time="0.021">
    <system-out><![CDATA[Choose an option:
1) Send Message
2) Disregard Message
3) Store Message
Choose an option:
1) Send Message
2) Disregard Message
3) Store Message
Choose an option:
1) Send Message
2) Disregard Message
3) Store Message
]]></system-out>
  </testcase>
</testsuite>